[2018-10-21 21:40:22] name.INFO: Se ha guardado una nueva imagen: 1540150822_Screenshot_9.png [] []
[2018-10-23 17:13:12] name.INFO: Se ha guardado una nueva imagen: 1540307592_cms-2.jpg [] []
[2018-10-23 17:29:41] name.INFO: Se ha guardado una nueva imagen: 1540308581_cascada.png [] []
[2018-10-26 17:12:37] name.WARNING: Se ha guardado una nueva imagen: 1540566757_tot el grup.png [] []
[2018-10-30 16:37:13] name.WARNING: Se ha guardado una nueva imagen: 1540913833_creacion-y-mantencion-de-sitios-web.jpg [] []
[2018-10-30 16:37:36] name.WARNING: Se ha guardado una nueva imagen: 1540913856_Screenshot_1.png [] []
[2018-10-30 16:53:54] name.WARNING: Se ha guardado una nueva imagen: FasesIterativoIncremental.jpg [] []
[2018-10-30 16:54:24] name.WARNING: Se ha guardado una nueva imagen: 1540914864_FasesIterativoIncremental.jpg [] []
[2018-10-30 16:54:55] name.WARNING: Se ha guardado una nueva imagen: 1540914895_FasesIterativoIncremental.jpg [] []
[2018-10-30 16:55:10] name.WARNING: Se ha guardado una nueva imagen: 1540914910_ERIK2.png [] []
[2018-10-30 16:57:39] name.WARNING: Se ha guardado una nueva imagen: 1540915059_Screenshot_9.png [] []
[2018-11-03 12:46:16] name.WARNING: Se ha guardado una nueva imagen: 1541245576_tot el grup.png [] []
[2018-11-06 15:31:50] name.WARNING: Se ha guardado una nueva imagen: amrica.jpg [] []
[2018-11-06 15:38:48] name.WARNING: Se ha guardado una nueva imagen: 1541515128_cascada.png [] []
[2018-11-06 17:01:06] name.WARNING: Se ha guardado una nueva imagen: 1541520066_creacion-y-mantencion-de-sitios-web.jpg [] []
[2018-11-06 17:02:04] name.WARNING: Se ha guardado una nueva imagen: 1541520124_amrica.jpg [] []
[2018-11-07 11:35:26] name.WARNING: Se ha guardado una nueva imagen: 1541586926_cms-2.jpg [] []
[2018-11-07 13:05:44] name.WARNING: Se ha guardado una nueva imagen: 1541592344_cascada.png [] []
[2018-11-08 17:36:40] name.WARNING: Se ha guardado una nueva imagen: depositphotos_95203290-stock-illustration-web-design-process.jpg [] []
[2019-02-25 20:19:15] name.WARNING: Se ha guardado una nueva imagen: PERSPECTIVA 5.jpg [] []
[2019-02-25 20:21:25] name.WARNING: Se ha guardado una nueva imagen: prueba.jpg [] []
[2019-02-25 20:21:32] name.WARNING: Se ha guardado una nueva imagen: 1551122492_prueba.jpg [] []
[2019-02-25 20:21:42] name.WARNING: Se ha guardado una nueva imagen: 1551122502_prueba.jpg [] []
[2019-02-25 20:22:41] name.WARNING: Se ha guardado una nueva imagen: prueba2.jpg [] []
[2019-02-25 20:22:51] name.WARNING: Se ha guardado una nueva imagen: prueba3.jpg [] []
